<?xml version="1.0" encoding="UTF-8" ?>
<testsuite tests="10" failures="0" name="projekt.selenium.FormularzTest" time="59.216" errors="0" skipped="0">
  <properties>
[...]
</properties>
  <testcase classname="projekt.selenium.FormularzTest" name="NowyProdukt" time="14.144"/>
  <testcase classname="projekt.selenium.FormularzTest" name="BledneDodawanie" time="5.745"/>
  <testcase classname="projekt.selenium.FormularzTest" name="BlednyNowyUzytkownik" time="3.713"/>
  <testcase classname="projekt.selenium.FormularzTest" name="UzytkownikIstnieje" time="4.385"/>
  <testcase classname="projekt.selenium.FormularzTest" name="ZobaczUżytkowników" time="4.574"/>
  <testcase classname="projekt.selenium.FormularzTest" name="UsuwanieOgloszenia" time="6.165"/>
  <testcase classname="projekt.selenium.FormularzTest" name="BledneEdytowanie" time="6.381"/>
  <testcase classname="projekt.selenium.FormularzTest" name="BledneLogowanie" time="2.727"/>
  <testcase classname="projekt.selenium.FormularzTest" name="Logowanie" time="3.88"/>
  <testcase classname="projekt.selenium.FormularzTest" name="EdytujProdukt" time="7.502"/>
</testsuite>